<?xml version="1.0" encoding="UTF-8"?>
<!-- Generated by org.testng.reporters.JUnitReportReporter -->
<testsuite skipped="0" hostname="DESKTOP-0NBTN0A" name="qaclickacademy.SeleniumTest" tests="2" failures="0" timestamp="26 Feb 2020 18:10:30 GMT" time="0.025" errors="0">
  <testcase name="elementUi" time="0.006" classname="qaclickacademy.SeleniumTest"/>
  <testcase name="BrowserAutomation" time="0.019" classname="qaclickacademy.SeleniumTest"/>
</testsuite> <!-- qaclickacademy.SeleniumTest -->
