<?xml version="1.0" encoding="UTF-8"?>
<!-- Generated by org.testng.reporters.JUnitReportReporter -->
<testsuite skipped="0" hostname="DESKTOP-0NBTN0A" name="qaclickacademy.AppiumTest" tests="2" failures="0" timestamp="26 Feb 2020 15:54:40 GMT" time="0.015" errors="0">
  <testcase name="NativeAppANdroid" time="0.000" classname="qaclickacademy.AppiumTest"/>
  <testcase name="IOSApps" time="0.015" classname="qaclickacademy.AppiumTest"/>
</testsuite> <!-- qaclickacademy.AppiumTest -->
