<?xml version="1.0" encoding="UTF-8"?>
<!-- Generated by org.testng.reporters.JUnitReportReporter -->
<testsuite skipped="0" hostname="DESKTOP-0NBTN0A" name="qaclickacademy.SeleniumTest" tests="2" failures="0" timestamp="26 Feb 2020 15:54:40 GMT" time="0.037" errors="0">
  <testcase name="BrowserAutomation" time="0.037" classname="qaclickacademy.SeleniumTest"/>
  <testcase name="elementUi" time="0.000" classname="qaclickacademy.SeleniumTest"/>
</testsuite> <!-- qaclickacademy.SeleniumTest -->
